2025-04-04 17:44:25,574:WARNING:
'cuml' is a soft dependency and not included in the pycaret installation. Please run: `pip install cuml` to install.
2025-04-04 17:44:25,575:WARNING:
'cuml' is a soft dependency and not included in the pycaret installation. Please run: `pip install cuml` to install.
2025-04-04 17:44:25,575:WARNING:
'cuml' is a soft dependency and not included in the pycaret installation. Please run: `pip install cuml` to install.
2025-04-04 17:44:25,575:WARNING:
'cuml' is a soft dependency and not included in the pycaret installation. Please run: `pip install cuml` to install.
2025-04-04 17:44:33,790:INFO:Initializing load_model()
2025-04-04 17:44:33,790:INFO:load_model(model_name=welcome_survey_clustering_pipeline_v1, platform=None, authentication=None, verbose=True)
2025-04-04 17:44:34,225:WARNING:C:\Conda\envs\od_zera_do_ai\Lib\site-packages\pycaret\internal\pipeline.py:148: UserWarning: Version mismatch:
current: {'deps_info': {'pip': '25.0', 'setuptools': '75.8.0', 'pycaret': '3.3.2', 'IPython': '8.30.0', 'ipywidgets': '7.8.5', 'tqdm': '4.67.1', 'numpy': '1.26.4', 'pandas': '1.5.3', 'jinja2': '3.1.5', 'scipy': '1.11.4', 'joblib': '1.2.0', 'sklearn': '1.4.2', 'pyod': '2.0.4', 'imblearn': '0.13.0', 'category_encoders': '2.6.3', 'lightgbm': '4.6.0', 'numba': '0.61.0', 'requests': '2.32.3', 'matplotlib': '3.10.0', 'scikitplot': '0.3.7', 'yellowbrick': '1.5', 'plotly': '5.24.1', 'plotly-resampler': 'Not installed', 'kaleido': '0.2.1', 'schemdraw': '0.15', 'statsmodels': '0.14.4', 'sktime': '0.26.0', 'tbats': '1.1.3', 'pmdarima': '2.0.4', 'psutil': '5.9.0', 'markupsafe': '3.0.2', 'pickle5': 'Not installed', 'cloudpickle': '3.0.0', 'deprecation': '2.1.0', 'xxhash': '3.5.0', 'wurlitzer': '3.1.1'}, 'python': {'version': '3.11.11', 'machine': 'AMD64'}}
pickle: {'deps_info': {'pip': '24.0', 'setuptools': '70.3.0', 'pycaret': '3.3.1', 'IPython': '8.26.0', 'ipywidgets': '8.1.3', 'tqdm': '4.66.5', 'numpy': '1.26.4', 'pandas': '1.5.3', 'jinja2': '3.1.4', 'scipy': '1.11.4', 'joblib': '1.3.2', 'sklearn': '1.4.2', 'pyod': '2.0.1', 'imblearn': '0.12.3', 'category_encoders': '2.6.3', 'lightgbm': '4.5.0', 'numba': '0.60.0', 'requests': '2.32.3', 'matplotlib': '3.8.4', 'scikitplot': '0.3.7', 'yellowbrick': '1.5', 'plotly': '5.23.0', 'plotly-resampler': 'Not installed', 'kaleido': '0.2.1', 'schemdraw': '0.15', 'statsmodels': '0.14.2', 'sktime': '0.26.0', 'tbats': '1.1.3', 'pmdarima': '2.0.4', 'psutil': '6.0.0', 'markupsafe': '2.1.5', 'pickle5': 'Not installed', 'cloudpickle': '3.0.0', 'deprecation': '2.1.0', 'xxhash': '3.4.1', 'wurlitzer': '3.1.1'}, 'python': {'version': '3.11.9', 'machine': 'arm64'}}
  warnings.warn(

2025-04-04 17:44:34,338:INFO:Initializing predict_model()
2025-04-04 17:44:34,338:INFO:predict_model(self=<pycaret.clustering.oop.ClusteringExperiment object at 0x000001F0B6875550>, estimator=Pipeline(memory=Memory(location=None),
         steps=[('numerical_imputer',
                 TransformerWrapper(include=[], transformer=SimpleImputer())),
                ('categorical_imputer',
                 TransformerWrapper(include=['age', 'edu_level', 'fav_animals',
                                             'fav_place', 'gender'],
                                    transformer=SimpleImputer(strategy='most_frequent'))),
                ('ordinal_encoding',
                 TransformerWrapper(include=['gender'],
                                    transfo...
                                                               mapping=[{'col': 'gender',
                                                                         'data_type': dtype('O'),
                                                                         'mapping': Kobieta      0
Mê¿czyzna    1
NaN         -1
dtype: int64}]))),
                ('onehot_encoding',
                 TransformerWrapper(include=['age', 'edu_level', 'fav_animals',
                                             'fav_place'],
                                    transformer=OneHotEncoder(cols=['age',
                                                                    'edu_level',
                                                                    'fav_animals',
                                                                    'fav_place'],
                                                              handle_missing='return_nan',
                                                              use_cat_names=True))),
                ('trained_model', KMeans(random_state=123))]), ml_usecase=None)
2025-04-04 17:44:34,339:INFO:Set up data.
2025-04-04 17:44:35,300:INFO:Initializing predict_model()
2025-04-04 17:44:35,300:INFO:predict_model(self=<pycaret.clustering.oop.ClusteringExperiment object at 0x000001F0B6876010>, estimator=Pipeline(memory=Memory(location=None),
         steps=[('numerical_imputer',
                 TransformerWrapper(include=[], transformer=SimpleImputer())),
                ('categorical_imputer',
                 TransformerWrapper(include=['age', 'edu_level', 'fav_animals',
                                             'fav_place', 'gender'],
                                    transformer=SimpleImputer(strategy='most_frequent'))),
                ('ordinal_encoding',
                 TransformerWrapper(include=['gender'],
                                    transfo...
                                                               mapping=[{'col': 'gender',
                                                                         'data_type': dtype('O'),
                                                                         'mapping': Kobieta      0
Mê¿czyzna    1
NaN         -1
dtype: int64}]))),
                ('onehot_encoding',
                 TransformerWrapper(include=['age', 'edu_level', 'fav_animals',
                                             'fav_place'],
                                    transformer=OneHotEncoder(cols=['age',
                                                                    'edu_level',
                                                                    'fav_animals',
                                                                    'fav_place'],
                                                              handle_missing='return_nan',
                                                              use_cat_names=True))),
                ('trained_model', KMeans(random_state=123))]), ml_usecase=None)
2025-04-04 17:44:35,301:INFO:Set up data.
2025-04-04 17:44:59,517:INFO:Initializing predict_model()
2025-04-04 17:44:59,518:INFO:predict_model(self=<pycaret.clustering.oop.ClusteringExperiment object at 0x000001F0B6661FD0>, estimator=Pipeline(memory=Memory(location=None),
         steps=[('numerical_imputer',
                 TransformerWrapper(include=[], transformer=SimpleImputer())),
                ('categorical_imputer',
                 TransformerWrapper(include=['age', 'edu_level', 'fav_animals',
                                             'fav_place', 'gender'],
                                    transformer=SimpleImputer(strategy='most_frequent'))),
                ('ordinal_encoding',
                 TransformerWrapper(include=['gender'],
                                    transfo...
                                                               mapping=[{'col': 'gender',
                                                                         'data_type': dtype('O'),
                                                                         'mapping': Kobieta      0
Mê¿czyzna    1
NaN         -1
dtype: int64}]))),
                ('onehot_encoding',
                 TransformerWrapper(include=['age', 'edu_level', 'fav_animals',
                                             'fav_place'],
                                    transformer=OneHotEncoder(cols=['age',
                                                                    'edu_level',
                                                                    'fav_animals',
                                                                    'fav_place'],
                                                              handle_missing='return_nan',
                                                              use_cat_names=True))),
                ('trained_model', KMeans(random_state=123))]), ml_usecase=None)
2025-04-04 17:44:59,518:INFO:Set up data.
2025-04-04 17:45:05,156:INFO:Initializing predict_model()
2025-04-04 17:45:05,158:INFO:predict_model(self=<pycaret.clustering.oop.ClusteringExperiment object at 0x000001F0B82DC050>, estimator=Pipeline(memory=Memory(location=None),
         steps=[('numerical_imputer',
                 TransformerWrapper(include=[], transformer=SimpleImputer())),
                ('categorical_imputer',
                 TransformerWrapper(include=['age', 'edu_level', 'fav_animals',
                                             'fav_place', 'gender'],
                                    transformer=SimpleImputer(strategy='most_frequent'))),
                ('ordinal_encoding',
                 TransformerWrapper(include=['gender'],
                                    transfo...
                                                               mapping=[{'col': 'gender',
                                                                         'data_type': dtype('O'),
                                                                         'mapping': Kobieta      0
Mê¿czyzna    1
NaN         -1
dtype: int64}]))),
                ('onehot_encoding',
                 TransformerWrapper(include=['age', 'edu_level', 'fav_animals',
                                             'fav_place'],
                                    transformer=OneHotEncoder(cols=['age',
                                                                    'edu_level',
                                                                    'fav_animals',
                                                                    'fav_place'],
                                                              handle_missing='return_nan',
                                                              use_cat_names=True))),
                ('trained_model', KMeans(random_state=123))]), ml_usecase=None)
2025-04-04 17:45:05,159:INFO:Set up data.
2025-04-04 17:45:08,271:INFO:Initializing predict_model()
2025-04-04 17:45:08,272:INFO:predict_model(self=<pycaret.clustering.oop.ClusteringExperiment object at 0x000001F0B84D0C10>, estimator=Pipeline(memory=Memory(location=None),
         steps=[('numerical_imputer',
                 TransformerWrapper(include=[], transformer=SimpleImputer())),
                ('categorical_imputer',
                 TransformerWrapper(include=['age', 'edu_level', 'fav_animals',
                                             'fav_place', 'gender'],
                                    transformer=SimpleImputer(strategy='most_frequent'))),
                ('ordinal_encoding',
                 TransformerWrapper(include=['gender'],
                                    transfo...
                                                               mapping=[{'col': 'gender',
                                                                         'data_type': dtype('O'),
                                                                         'mapping': Kobieta      0
Mê¿czyzna    1
NaN         -1
dtype: int64}]))),
                ('onehot_encoding',
                 TransformerWrapper(include=['age', 'edu_level', 'fav_animals',
                                             'fav_place'],
                                    transformer=OneHotEncoder(cols=['age',
                                                                    'edu_level',
                                                                    'fav_animals',
                                                                    'fav_place'],
                                                              handle_missing='return_nan',
                                                              use_cat_names=True))),
                ('trained_model', KMeans(random_state=123))]), ml_usecase=None)
2025-04-04 17:45:08,272:INFO:Set up data.
2025-04-11 17:07:34,787:WARNING:
'cuml' is a soft dependency and not included in the pycaret installation. Please run: `pip install cuml` to install.
2025-04-11 17:07:34,801:WARNING:
'cuml' is a soft dependency and not included in the pycaret installation. Please run: `pip install cuml` to install.
2025-04-11 17:07:34,802:WARNING:
'cuml' is a soft dependency and not included in the pycaret installation. Please run: `pip install cuml` to install.
2025-04-11 17:07:34,803:WARNING:
'cuml' is a soft dependency and not included in the pycaret installation. Please run: `pip install cuml` to install.
2025-04-11 17:07:45,507:INFO:Initializing load_model()
2025-04-11 17:07:45,508:INFO:load_model(model_name=welcome_survey_clustering_pipeline_v1, platform=None, authentication=None, verbose=True)
2025-04-11 17:07:46,938:WARNING:C:\Conda\envs\od_zera_do_ai\Lib\site-packages\pycaret\internal\pipeline.py:148: UserWarning: Version mismatch:
current: {'deps_info': {'pip': '25.0', 'setuptools': '75.8.0', 'pycaret': '3.3.2', 'IPython': '8.30.0', 'ipywidgets': '7.8.5', 'tqdm': '4.67.1', 'numpy': '1.26.4', 'pandas': '1.5.3', 'jinja2': '3.1.5', 'scipy': '1.11.4', 'joblib': '1.2.0', 'sklearn': '1.4.2', 'pyod': '2.0.4', 'imblearn': '0.13.0', 'category_encoders': '2.6.3', 'lightgbm': '4.6.0', 'numba': '0.61.0', 'requests': '2.32.3', 'matplotlib': '3.10.0', 'scikitplot': '0.3.7', 'yellowbrick': '1.5', 'plotly': '5.24.1', 'plotly-resampler': 'Not installed', 'kaleido': '0.2.1', 'schemdraw': '0.15', 'statsmodels': '0.14.4', 'sktime': '0.26.0', 'tbats': '1.1.3', 'pmdarima': '2.0.4', 'psutil': '5.9.0', 'markupsafe': '3.0.2', 'pickle5': 'Not installed', 'cloudpickle': '3.0.0', 'deprecation': '2.1.0', 'xxhash': '3.5.0', 'wurlitzer': '3.1.1'}, 'python': {'version': '3.11.11', 'machine': 'AMD64'}}
pickle: {'deps_info': {'pip': '24.0', 'setuptools': '70.3.0', 'pycaret': '3.3.1', 'IPython': '8.26.0', 'ipywidgets': '8.1.3', 'tqdm': '4.66.5', 'numpy': '1.26.4', 'pandas': '1.5.3', 'jinja2': '3.1.4', 'scipy': '1.11.4', 'joblib': '1.3.2', 'sklearn': '1.4.2', 'pyod': '2.0.1', 'imblearn': '0.12.3', 'category_encoders': '2.6.3', 'lightgbm': '4.5.0', 'numba': '0.60.0', 'requests': '2.32.3', 'matplotlib': '3.8.4', 'scikitplot': '0.3.7', 'yellowbrick': '1.5', 'plotly': '5.23.0', 'plotly-resampler': 'Not installed', 'kaleido': '0.2.1', 'schemdraw': '0.15', 'statsmodels': '0.14.2', 'sktime': '0.26.0', 'tbats': '1.1.3', 'pmdarima': '2.0.4', 'psutil': '6.0.0', 'markupsafe': '2.1.5', 'pickle5': 'Not installed', 'cloudpickle': '3.0.0', 'deprecation': '2.1.0', 'xxhash': '3.4.1', 'wurlitzer': '3.1.1'}, 'python': {'version': '3.11.9', 'machine': 'arm64'}}
  warnings.warn(

2025-04-11 17:07:47,094:INFO:Initializing predict_model()
2025-04-11 17:07:47,095:INFO:predict_model(self=<pycaret.clustering.oop.ClusteringExperiment object at 0x000002C61C30B3D0>, estimator=Pipeline(memory=Memory(location=None),
         steps=[('numerical_imputer',
                 TransformerWrapper(include=[], transformer=SimpleImputer())),
                ('categorical_imputer',
                 TransformerWrapper(include=['age', 'edu_level', 'fav_animals',
                                             'fav_place', 'gender'],
                                    transformer=SimpleImputer(strategy='most_frequent'))),
                ('ordinal_encoding',
                 TransformerWrapper(include=['gender'],
                                    transfo...
                                                               mapping=[{'col': 'gender',
                                                                         'data_type': dtype('O'),
                                                                         'mapping': Kobieta      0
Mê¿czyzna    1
NaN         -1
dtype: int64}]))),
                ('onehot_encoding',
                 TransformerWrapper(include=['age', 'edu_level', 'fav_animals',
                                             'fav_place'],
                                    transformer=OneHotEncoder(cols=['age',
                                                                    'edu_level',
                                                                    'fav_animals',
                                                                    'fav_place'],
                                                              handle_missing='return_nan',
                                                              use_cat_names=True))),
                ('trained_model', KMeans(random_state=123))]), ml_usecase=None)
2025-04-11 17:07:47,095:INFO:Set up data.
2025-04-11 17:07:47,862:INFO:Initializing predict_model()
2025-04-11 17:07:47,863:INFO:predict_model(self=<pycaret.clustering.oop.ClusteringExperiment object at 0x000002C61C50B010>, estimator=Pipeline(memory=Memory(location=None),
         steps=[('numerical_imputer',
                 TransformerWrapper(include=[], transformer=SimpleImputer())),
                ('categorical_imputer',
                 TransformerWrapper(include=['age', 'edu_level', 'fav_animals',
                                             'fav_place', 'gender'],
                                    transformer=SimpleImputer(strategy='most_frequent'))),
                ('ordinal_encoding',
                 TransformerWrapper(include=['gender'],
                                    transfo...
                                                               mapping=[{'col': 'gender',
                                                                         'data_type': dtype('O'),
                                                                         'mapping': Kobieta      0
Mê¿czyzna    1
NaN         -1
dtype: int64}]))),
                ('onehot_encoding',
                 TransformerWrapper(include=['age', 'edu_level', 'fav_animals',
                                             'fav_place'],
                                    transformer=OneHotEncoder(cols=['age',
                                                                    'edu_level',
                                                                    'fav_animals',
                                                                    'fav_place'],
                                                              handle_missing='return_nan',
                                                              use_cat_names=True))),
                ('trained_model', KMeans(random_state=123))]), ml_usecase=None)
2025-04-11 17:07:47,863:INFO:Set up data.
2025-04-11 17:07:54,702:INFO:Initializing predict_model()
2025-04-11 17:07:54,702:INFO:predict_model(self=<pycaret.clustering.oop.ClusteringExperiment object at 0x000002C61DE87FD0>, estimator=Pipeline(memory=Memory(location=None),
         steps=[('numerical_imputer',
                 TransformerWrapper(include=[], transformer=SimpleImputer())),
                ('categorical_imputer',
                 TransformerWrapper(include=['age', 'edu_level', 'fav_animals',
                                             'fav_place', 'gender'],
                                    transformer=SimpleImputer(strategy='most_frequent'))),
                ('ordinal_encoding',
                 TransformerWrapper(include=['gender'],
                                    transfo...
                                                               mapping=[{'col': 'gender',
                                                                         'data_type': dtype('O'),
                                                                         'mapping': Kobieta      0
Mê¿czyzna    1
NaN         -1
dtype: int64}]))),
                ('onehot_encoding',
                 TransformerWrapper(include=['age', 'edu_level', 'fav_animals',
                                             'fav_place'],
                                    transformer=OneHotEncoder(cols=['age',
                                                                    'edu_level',
                                                                    'fav_animals',
                                                                    'fav_place'],
                                                              handle_missing='return_nan',
                                                              use_cat_names=True))),
                ('trained_model', KMeans(random_state=123))]), ml_usecase=None)
2025-04-11 17:07:54,703:INFO:Set up data.
2025-04-11 17:07:58,131:INFO:Initializing predict_model()
2025-04-11 17:07:58,131:INFO:predict_model(self=<pycaret.clustering.oop.ClusteringExperiment object at 0x000002C61CD9B2D0>, estimator=Pipeline(memory=Memory(location=None),
         steps=[('numerical_imputer',
                 TransformerWrapper(include=[], transformer=SimpleImputer())),
                ('categorical_imputer',
                 TransformerWrapper(include=['age', 'edu_level', 'fav_animals',
                                             'fav_place', 'gender'],
                                    transformer=SimpleImputer(strategy='most_frequent'))),
                ('ordinal_encoding',
                 TransformerWrapper(include=['gender'],
                                    transfo...
                                                               mapping=[{'col': 'gender',
                                                                         'data_type': dtype('O'),
                                                                         'mapping': Kobieta      0
Mê¿czyzna    1
NaN         -1
dtype: int64}]))),
                ('onehot_encoding',
                 TransformerWrapper(include=['age', 'edu_level', 'fav_animals',
                                             'fav_place'],
                                    transformer=OneHotEncoder(cols=['age',
                                                                    'edu_level',
                                                                    'fav_animals',
                                                                    'fav_place'],
                                                              handle_missing='return_nan',
                                                              use_cat_names=True))),
                ('trained_model', KMeans(random_state=123))]), ml_usecase=None)
2025-04-11 17:07:58,132:INFO:Set up data.
2025-04-11 17:08:03,119:INFO:Initializing predict_model()
2025-04-11 17:08:03,120:INFO:predict_model(self=<pycaret.clustering.oop.ClusteringExperiment object at 0x000002C61DF24FD0>, estimator=Pipeline(memory=Memory(location=None),
         steps=[('numerical_imputer',
                 TransformerWrapper(include=[], transformer=SimpleImputer())),
                ('categorical_imputer',
                 TransformerWrapper(include=['age', 'edu_level', 'fav_animals',
                                             'fav_place', 'gender'],
                                    transformer=SimpleImputer(strategy='most_frequent'))),
                ('ordinal_encoding',
                 TransformerWrapper(include=['gender'],
                                    transfo...
                                                               mapping=[{'col': 'gender',
                                                                         'data_type': dtype('O'),
                                                                         'mapping': Kobieta      0
Mê¿czyzna    1
NaN         -1
dtype: int64}]))),
                ('onehot_encoding',
                 TransformerWrapper(include=['age', 'edu_level', 'fav_animals',
                                             'fav_place'],
                                    transformer=OneHotEncoder(cols=['age',
                                                                    'edu_level',
                                                                    'fav_animals',
                                                                    'fav_place'],
                                                              handle_missing='return_nan',
                                                              use_cat_names=True))),
                ('trained_model', KMeans(random_state=123))]), ml_usecase=None)
2025-04-11 17:08:03,120:INFO:Set up data.
2025-04-11 17:37:45,881:WARNING:
'cuml' is a soft dependency and not included in the pycaret installation. Please run: `pip install cuml` to install.
2025-04-11 17:37:45,893:WARNING:
'cuml' is a soft dependency and not included in the pycaret installation. Please run: `pip install cuml` to install.
2025-04-11 17:37:45,893:WARNING:
'cuml' is a soft dependency and not included in the pycaret installation. Please run: `pip install cuml` to install.
2025-04-11 17:37:45,893:WARNING:
'cuml' is a soft dependency and not included in the pycaret installation. Please run: `pip install cuml` to install.
2025-04-11 17:37:51,618:INFO:Initializing load_model()
2025-04-11 17:37:51,619:INFO:load_model(model_name=welcome_survey_clustering_pipeline_v1, platform=None, authentication=None, verbose=True)
2025-04-11 17:37:51,925:WARNING:C:\Conda\envs\od_zera_do_ai\Lib\site-packages\pycaret\internal\pipeline.py:148: UserWarning: Version mismatch:
current: {'deps_info': {'pip': '25.0.1', 'setuptools': '75.8.0', 'pycaret': '3.3.2', 'IPython': '8.30.0', 'ipywidgets': '7.8.5', 'tqdm': '4.67.1', 'numpy': '1.26.4', 'pandas': '1.5.3', 'jinja2': '3.1.5', 'scipy': '1.11.4', 'joblib': '1.2.0', 'sklearn': '1.4.2', 'pyod': '2.0.4', 'imblearn': '0.13.0', 'category_encoders': '2.6.3', 'lightgbm': '4.6.0', 'numba': '0.61.0', 'requests': '2.32.3', 'matplotlib': '3.10.0', 'scikitplot': '0.3.7', 'yellowbrick': '1.5', 'plotly': '5.24.1', 'plotly-resampler': 'Not installed', 'kaleido': '0.2.1', 'schemdraw': '0.15', 'statsmodels': '0.14.4', 'sktime': '0.26.0', 'tbats': '1.1.3', 'pmdarima': '2.0.4', 'psutil': '5.9.0', 'markupsafe': '3.0.2', 'pickle5': 'Not installed', 'cloudpickle': '3.0.0', 'deprecation': '2.1.0', 'xxhash': '3.5.0', 'wurlitzer': '3.1.1'}, 'python': {'version': '3.11.11', 'machine': 'AMD64'}}
pickle: {'deps_info': {'pip': '24.0', 'setuptools': '70.3.0', 'pycaret': '3.3.1', 'IPython': '8.26.0', 'ipywidgets': '8.1.3', 'tqdm': '4.66.5', 'numpy': '1.26.4', 'pandas': '1.5.3', 'jinja2': '3.1.4', 'scipy': '1.11.4', 'joblib': '1.3.2', 'sklearn': '1.4.2', 'pyod': '2.0.1', 'imblearn': '0.12.3', 'category_encoders': '2.6.3', 'lightgbm': '4.5.0', 'numba': '0.60.0', 'requests': '2.32.3', 'matplotlib': '3.8.4', 'scikitplot': '0.3.7', 'yellowbrick': '1.5', 'plotly': '5.23.0', 'plotly-resampler': 'Not installed', 'kaleido': '0.2.1', 'schemdraw': '0.15', 'statsmodels': '0.14.2', 'sktime': '0.26.0', 'tbats': '1.1.3', 'pmdarima': '2.0.4', 'psutil': '6.0.0', 'markupsafe': '2.1.5', 'pickle5': 'Not installed', 'cloudpickle': '3.0.0', 'deprecation': '2.1.0', 'xxhash': '3.4.1', 'wurlitzer': '3.1.1'}, 'python': {'version': '3.11.9', 'machine': 'arm64'}}
  warnings.warn(

2025-04-11 17:37:52,037:INFO:Initializing predict_model()
2025-04-11 17:37:52,037:INFO:predict_model(self=<pycaret.clustering.oop.ClusteringExperiment object at 0x00000181DF017B10>, estimator=Pipeline(memory=Memory(location=None),
         steps=[('numerical_imputer',
                 TransformerWrapper(include=[], transformer=SimpleImputer())),
                ('categorical_imputer',
                 TransformerWrapper(include=['age', 'edu_level', 'fav_animals',
                                             'fav_place', 'gender'],
                                    transformer=SimpleImputer(strategy='most_frequent'))),
                ('ordinal_encoding',
                 TransformerWrapper(include=['gender'],
                                    transfo...
                                                               mapping=[{'col': 'gender',
                                                                         'data_type': dtype('O'),
                                                                         'mapping': Kobieta      0
Mê¿czyzna    1
NaN         -1
dtype: int64}]))),
                ('onehot_encoding',
                 TransformerWrapper(include=['age', 'edu_level', 'fav_animals',
                                             'fav_place'],
                                    transformer=OneHotEncoder(cols=['age',
                                                                    'edu_level',
                                                                    'fav_animals',
                                                                    'fav_place'],
                                                              handle_missing='return_nan',
                                                              use_cat_names=True))),
                ('trained_model', KMeans(random_state=123))]), ml_usecase=None)
2025-04-11 17:37:52,038:INFO:Set up data.
2025-04-11 17:37:52,822:INFO:Initializing predict_model()
2025-04-11 17:37:52,822:INFO:predict_model(self=<pycaret.clustering.oop.ClusteringExperiment object at 0x00000181E820AC50>, estimator=Pipeline(memory=Memory(location=None),
         steps=[('numerical_imputer',
                 TransformerWrapper(include=[], transformer=SimpleImputer())),
                ('categorical_imputer',
                 TransformerWrapper(include=['age', 'edu_level', 'fav_animals',
                                             'fav_place', 'gender'],
                                    transformer=SimpleImputer(strategy='most_frequent'))),
                ('ordinal_encoding',
                 TransformerWrapper(include=['gender'],
                                    transfo...
                                                               mapping=[{'col': 'gender',
                                                                         'data_type': dtype('O'),
                                                                         'mapping': Kobieta      0
Mê¿czyzna    1
NaN         -1
dtype: int64}]))),
                ('onehot_encoding',
                 TransformerWrapper(include=['age', 'edu_level', 'fav_animals',
                                             'fav_place'],
                                    transformer=OneHotEncoder(cols=['age',
                                                                    'edu_level',
                                                                    'fav_animals',
                                                                    'fav_place'],
                                                              handle_missing='return_nan',
                                                              use_cat_names=True))),
                ('trained_model', KMeans(random_state=123))]), ml_usecase=None)
2025-04-11 17:37:52,823:INFO:Set up data.
2025-04-28 21:25:00,398:WARNING:
'cuml' is a soft dependency and not included in the pycaret installation. Please run: `pip install cuml` to install.
2025-04-28 21:25:00,409:WARNING:
'cuml' is a soft dependency and not included in the pycaret installation. Please run: `pip install cuml` to install.
2025-04-28 21:25:00,410:WARNING:
'cuml' is a soft dependency and not included in the pycaret installation. Please run: `pip install cuml` to install.
2025-04-28 21:25:00,410:WARNING:
'cuml' is a soft dependency and not included in the pycaret installation. Please run: `pip install cuml` to install.
2025-04-28 21:25:15,352:INFO:PyCaret ClusteringExperiment
2025-04-28 21:25:15,353:INFO:Logging name: cluster-default-name
2025-04-28 21:25:15,354:INFO:ML Usecase: MLUsecase.CLUSTERING
2025-04-28 21:25:15,354:INFO:version 3.3.2
2025-04-28 21:25:15,355:INFO:Initializing setup()
2025-04-28 21:25:15,356:INFO:self.USI: b8e1
2025-04-28 21:25:15,357:INFO:self._variable_keys: {'n_jobs_param', 'html_param', 'data', 'log_plots_param', 'memory', '_available_plots', 'logging_param', 'X', 'gpu_param', 'seed', 'exp_id', 'idx', 'USI', 'gpu_n_jobs_param', '_ml_usecase', 'exp_name_log', 'pipeline'}
2025-04-28 21:25:15,358:INFO:Checking environment
2025-04-28 21:25:15,358:INFO:python_version: 3.11.11
2025-04-28 21:25:15,359:INFO:python_build: ('main', 'Dec 11 2024 16:34:19')
2025-04-28 21:25:15,360:INFO:machine: AMD64
2025-04-28 21:25:15,360:INFO:platform: Windows-10-10.0.19045-SP0
2025-04-28 21:25:15,366:INFO:Memory: svmem(total=4001771520, available=282304512, percent=92.9, used=3719467008, free=282304512)
2025-04-28 21:25:15,369:INFO:Physical Core: 2
2025-04-28 21:25:15,369:INFO:Logical Core: 4
2025-04-28 21:25:15,369:INFO:Checking libraries
2025-04-28 21:25:15,369:INFO:System:
2025-04-28 21:25:15,370:INFO:    python: 3.11.11 | packaged by Anaconda, Inc. | (main, Dec 11 2024, 16:34:19) [MSC v.1929 64 bit (AMD64)]
2025-04-28 21:25:15,370:INFO:executable: c:\Conda\envs\od_zera_do_ai\python.exe
2025-04-28 21:25:15,370:INFO:   machine: Windows-10-10.0.19045-SP0
2025-04-28 21:25:15,370:INFO:PyCaret required dependencies:
2025-04-28 21:25:15,976:INFO:                 pip: 25.0.1
2025-04-28 21:25:15,976:INFO:          setuptools: 75.8.0
2025-04-28 21:25:15,977:INFO:             pycaret: 3.3.2
2025-04-28 21:25:15,977:INFO:             IPython: 8.30.0
2025-04-28 21:25:15,977:INFO:          ipywidgets: 7.8.5
2025-04-28 21:25:15,977:INFO:                tqdm: 4.67.1
2025-04-28 21:25:15,977:INFO:               numpy: 1.26.4
2025-04-28 21:25:15,977:INFO:              pandas: 1.5.3
2025-04-28 21:25:15,977:INFO:              jinja2: 3.1.5
2025-04-28 21:25:15,977:INFO:               scipy: 1.11.4
2025-04-28 21:25:15,977:INFO:              joblib: 1.2.0
2025-04-28 21:25:15,978:INFO:             sklearn: 1.4.2
2025-04-28 21:25:15,978:INFO:                pyod: 2.0.4
2025-04-28 21:25:15,978:INFO:            imblearn: 0.13.0
2025-04-28 21:25:15,978:INFO:   category_encoders: 2.6.3
2025-04-28 21:25:15,978:INFO:            lightgbm: 4.6.0
2025-04-28 21:25:15,978:INFO:               numba: 0.61.0
2025-04-28 21:25:15,979:INFO:            requests: 2.32.3
2025-04-28 21:25:15,981:INFO:          matplotlib: 3.10.0
2025-04-28 21:25:15,981:INFO:          scikitplot: 0.3.7
2025-04-28 21:25:15,982:INFO:         yellowbrick: 1.5
2025-04-28 21:25:15,982:INFO:              plotly: 5.24.1
2025-04-28 21:25:15,983:INFO:    plotly-resampler: Not installed
2025-04-28 21:25:15,983:INFO:             kaleido: 0.2.1
2025-04-28 21:25:15,983:INFO:           schemdraw: 0.15
2025-04-28 21:25:15,983:INFO:         statsmodels: 0.14.4
2025-04-28 21:25:15,984:INFO:              sktime: 0.26.0
2025-04-28 21:25:15,984:INFO:               tbats: 1.1.3
2025-04-28 21:25:15,985:INFO:            pmdarima: 2.0.4
2025-04-28 21:25:15,985:INFO:              psutil: 5.9.0
2025-04-28 21:25:15,985:INFO:          markupsafe: 3.0.2
2025-04-28 21:25:15,985:INFO:             pickle5: Not installed
2025-04-28 21:25:15,985:INFO:         cloudpickle: 3.0.0
2025-04-28 21:25:15,985:INFO:         deprecation: 2.1.0
2025-04-28 21:25:15,985:INFO:              xxhash: 3.5.0
2025-04-28 21:25:15,986:INFO:           wurlitzer: 3.1.1
2025-04-28 21:25:15,986:INFO:PyCaret optional dependencies:
2025-04-28 21:25:16,055:INFO:                shap: Not installed
2025-04-28 21:25:16,056:INFO:           interpret: Not installed
2025-04-28 21:25:16,056:INFO:                umap: Not installed
2025-04-28 21:25:16,056:INFO:     ydata_profiling: Not installed
2025-04-28 21:25:16,056:INFO:  explainerdashboard: Not installed
2025-04-28 21:25:16,056:INFO:             autoviz: Not installed
2025-04-28 21:25:16,056:INFO:           fairlearn: Not installed
2025-04-28 21:25:16,056:INFO:          deepchecks: Not installed
2025-04-28 21:25:16,057:INFO:             xgboost: Not installed
2025-04-28 21:25:16,057:INFO:            catboost: Not installed
2025-04-28 21:25:16,057:INFO:              kmodes: Not installed
2025-04-28 21:25:16,057:INFO:             mlxtend: Not installed
2025-04-28 21:25:16,057:INFO:       statsforecast: Not installed
2025-04-28 21:25:16,057:INFO:        tune_sklearn: Not installed
2025-04-28 21:25:16,057:INFO:                 ray: Not installed
2025-04-28 21:25:16,058:INFO:            hyperopt: Not installed
2025-04-28 21:25:16,058:INFO:              optuna: Not installed
2025-04-28 21:25:16,058:INFO:               skopt: Not installed
2025-04-28 21:25:16,058:INFO:              mlflow: Not installed
2025-04-28 21:25:16,058:INFO:              gradio: Not installed
2025-04-28 21:25:16,058:INFO:             fastapi: Not installed
2025-04-28 21:25:16,058:INFO:             uvicorn: Not installed
2025-04-28 21:25:16,058:INFO:              m2cgen: Not installed
2025-04-28 21:25:16,059:INFO:           evidently: Not installed
2025-04-28 21:25:16,059:INFO:               fugue: Not installed
2025-04-28 21:25:16,059:INFO:           streamlit: 1.44.0
2025-04-28 21:25:16,059:INFO:             prophet: Not installed
2025-04-28 21:25:16,059:INFO:None
2025-04-28 21:25:16,059:INFO:Set up data.
2025-04-28 21:25:16,098:INFO:Set up index.
2025-04-28 21:25:16,098:INFO:Assigning column types.
2025-04-28 21:25:16,109:INFO:Engine successfully changes for model 'kmeans' to 'sklearn'.
2025-04-28 21:25:16,109:INFO:Engine for model 'dbscan' has not been set explicitly, hence returning None.
2025-04-28 21:25:16,110:WARNING:
'kmodes' is a soft dependency and not included in the pycaret installation. Please run: `pip install kmodes` to install.
Alternately, you can install this by running `pip install pycaret[models]`
2025-04-28 21:25:16,110:INFO:Engine for model 'dbscan' has not been set explicitly, hence returning None.
2025-04-28 21:25:16,110:WARNING:
'kmodes' is a soft dependency and not included in the pycaret installation. Please run: `pip install kmodes` to install.
Alternately, you can install this by running `pip install pycaret[models]`
2025-04-28 21:25:16,110:INFO:Engine successfully changes for model 'dbscan' to 'sklearn'.
2025-04-28 21:25:16,111:WARNING:
'kmodes' is a soft dependency and not included in the pycaret installation. Please run: `pip install kmodes` to install.
Alternately, you can install this by running `pip install pycaret[models]`
2025-04-28 21:25:16,111:WARNING:
'kmodes' is a soft dependency and not included in the pycaret installation. Please run: `pip install kmodes` to install.
Alternately, you can install this by running `pip install pycaret[models]`
2025-04-28 21:25:16,123:INFO:Preparing preprocessing pipeline...
2025-04-28 21:25:16,123:INFO:Set up simple imputation.
2025-04-28 21:25:16,141:INFO:Set up encoding of ordinal features.
2025-04-28 21:25:16,144:INFO:Set up encoding of categorical features.
2025-04-28 21:25:16,642:INFO:Finished creating preprocessing pipeline.
2025-04-28 21:25:16,764:INFO:Pipeline: Pipeline(memory=FastMemory(location=C:\Users\ANNASA~1\AppData\Local\Temp\joblib),
         steps=[('numerical_imputer',
                 TransformerWrapper(include=[], transformer=SimpleImputer())),
                ('categorical_imputer',
                 TransformerWrapper(include=['age', 'edu_level', 'fav_animals',
                                             'fav_place', 'gender'],
                                    transformer=SimpleImputer(strategy='most_frequent'))),
                ('ordinal_encoding',
                 Tr...
                                    transformer=OrdinalEncoder(cols=['gender'],
                                                               handle_missing='return_nan',
                                                               mapping=[{'col': 'gender',
                                                                         'data_type': dtype('O'),
                                                                         'mapping': Kobieta      0
Mê¿czyzna    1
NaN         -1
dtype: int64}]))),
                ('onehot_encoding',
                 TransformerWrapper(include=['age', 'edu_level', 'fav_animals',
                                             'fav_place'],
                                    transformer=OneHotEncoder(cols=['age',
                                                                    'edu_level',
                                                                    'fav_animals',
                                                                    'fav_place'],
                                                              handle_missing='return_nan',
                                                              use_cat_names=True)))])
2025-04-28 21:25:16,765:INFO:Creating final display dataframe.
2025-04-28 21:25:16,824:INFO:Setup _display_container:                  Description                 Value
0                 Session id                   200
1        Original data shape              (229, 5)
2     Transformed data shape             (229, 21)
3       Categorical features                     5
4   Rows with missing values                 13.1%
5                 Preprocess                  True
6            Imputation type                simple
7         Numeric imputation                  mean
8     Categorical imputation                  mode
9   Maximum one-hot encoding                    -1
10           Encoding method                  None
11                  CPU Jobs                    -1
12                   Use GPU                 False
13            Log Experiment                 False
14           Experiment Name  cluster-default-name
15                       USI                  b8e1
2025-04-28 21:25:16,849:WARNING:
'kmodes' is a soft dependency and not included in the pycaret installation. Please run: `pip install kmodes` to install.
Alternately, you can install this by running `pip install pycaret[models]`
2025-04-28 21:25:16,852:WARNING:
'kmodes' is a soft dependency and not included in the pycaret installation. Please run: `pip install kmodes` to install.
Alternately, you can install this by running `pip install pycaret[models]`
2025-04-28 21:25:16,855:INFO:setup() successfully completed in 1.54s...............
2025-04-28 21:25:36,637:INFO:Initializing create_model()
2025-04-28 21:25:36,639:INFO:create_model(self=<pycaret.clustering.oop.ClusteringExperiment object at 0x00000205F617A910>, estimator=kmeans, num_clusters=7, fraction=0.05, ground_truth=None, round=4, fit_kwargs=None, experiment_custom_tags=None, verbose=True, system=True, add_to_model_list=True, raise_num_clusters=False, display=None, kwargs={})
2025-04-28 21:25:36,640:INFO:Checking exceptions
2025-04-28 21:25:36,849:INFO:Importing untrained model
2025-04-28 21:25:36,868:INFO:K-Means Clustering Imported successfully
2025-04-28 21:25:36,910:INFO:Fitting Model
2025-04-28 21:25:38,731:WARNING:c:\Conda\envs\od_zera_do_ai\Lib\site-packages\sklearn\cluster\_kmeans.py:1446: UserWarning: KMeans is known to have a memory leak on Windows with MKL, when there are less chunks than available threads. You can avoid it by setting the environment variable OMP_NUM_THREADS=1.
  warnings.warn(

2025-04-28 21:25:38,845:INFO:KMeans(n_clusters=7, random_state=200)
2025-04-28 21:25:38,846:INFO:create_models() successfully completed......................................
2025-04-28 21:25:38,861:INFO:Uploading results into container
2025-04-28 21:25:38,864:INFO:Uploading model into container now
2025-04-28 21:25:38,887:INFO:_master_model_container: 1
2025-04-28 21:25:38,888:INFO:_display_container: 2
2025-04-28 21:25:38,892:INFO:KMeans(n_clusters=7, random_state=200)
2025-04-28 21:25:38,892:INFO:create_model() successfully completed......................................
2025-04-28 21:25:44,947:INFO:Initializing assign_model()
2025-04-28 21:25:44,947:INFO:assign_model(self=<pycaret.clustering.oop.ClusteringExperiment object at 0x00000205F617A910>, model=KMeans(n_clusters=7, random_state=200), transformation=False, score=True, verbose=True)
2025-04-28 21:25:44,948:INFO:Checking exceptions
2025-04-28 21:25:44,949:INFO:Determining Trained Model
2025-04-28 21:25:44,950:INFO:Trained Model : K-Means Clustering
2025-04-28 21:25:44,951:INFO:Copying data
2025-04-28 21:25:44,955:INFO:(229, 6)
2025-04-28 21:25:44,956:INFO:assign_model() successfully completed......................................
2025-04-28 21:25:58,210:INFO:Initializing plot_model()
2025-04-28 21:25:58,211:INFO:plot_model(self=<pycaret.clustering.oop.ClusteringExperiment object at 0x00000205F617A910>, estimator=KMeans(n_clusters=7, random_state=200), plot=cluster, scale=1, save=False, fold=None, fit_kwargs=None, plot_kwargs=None, groups=None, feature_name=None, label=False, verbose=True, system=True, display=None, display_format=None)
2025-04-28 21:25:58,212:INFO:Checking exceptions
2025-04-28 21:25:58,222:INFO:Preloading libraries
2025-04-28 21:25:58,223:INFO:Copying training dataset
2025-04-28 21:25:58,223:INFO:Plot type: cluster
2025-04-28 21:25:58,225:INFO:SubProcess assign_model() called ==================================
2025-04-28 21:25:58,226:INFO:Initializing assign_model()
2025-04-28 21:25:58,227:INFO:assign_model(self=<pycaret.clustering.oop.ClusteringExperiment object at 0x00000205F617A910>, model=KMeans(n_clusters=7, random_state=200), transformation=True, score=True, verbose=False)
2025-04-28 21:25:58,227:INFO:Checking exceptions
2025-04-28 21:25:58,227:INFO:Determining Trained Model
2025-04-28 21:25:58,228:INFO:Trained Model : K-Means Clustering
2025-04-28 21:25:58,228:INFO:Copying data
2025-04-28 21:25:58,293:INFO:Transformation parameter set to True. Assigned clusters are attached on transformed dataset.
2025-04-28 21:25:58,294:INFO:(229, 22)
2025-04-28 21:25:58,294:INFO:assign_model() successfully completed......................................
2025-04-28 21:25:58,294:INFO:SubProcess assign_model() end ==================================
2025-04-28 21:25:58,297:INFO:Fitting PCA()
2025-04-28 21:25:58,407:INFO:Sorting dataframe
2025-04-28 21:25:58,411:INFO:Rendering Visual
2025-04-28 21:26:02,298:INFO:Visual Rendered Successfully
2025-04-28 21:26:02,438:INFO:plot_model() successfully completed......................................
2025-04-28 21:26:07,795:INFO:Initializing save_model()
2025-04-28 21:26:07,795:INFO:save_model(model=KMeans(n_clusters=7, random_state=200), model_name=welcome_survey_clustering_pipeline_v2, prep_pipe_=Pipeline(memory=FastMemory(location=C:\Users\ANNASA~1\AppData\Local\Temp\joblib),
         steps=[('numerical_imputer',
                 TransformerWrapper(include=[], transformer=SimpleImputer())),
                ('categorical_imputer',
                 TransformerWrapper(include=['age', 'edu_level', 'fav_animals',
                                             'fav_place', 'gender'],
                                    transformer=SimpleImputer(strategy='most_frequent'))),
                ('ordinal_encoding',
                 Tr...
                                    transformer=OrdinalEncoder(cols=['gender'],
                                                               handle_missing='return_nan',
                                                               mapping=[{'col': 'gender',
                                                                         'data_type': dtype('O'),
                                                                         'mapping': Kobieta      0
Mê¿czyzna    1
NaN         -1
dtype: int64}]))),
                ('onehot_encoding',
                 TransformerWrapper(include=['age', 'edu_level', 'fav_animals',
                                             'fav_place'],
                                    transformer=OneHotEncoder(cols=['age',
                                                                    'edu_level',
                                                                    'fav_animals',
                                                                    'fav_place'],
                                                              handle_missing='return_nan',
                                                              use_cat_names=True)))]), verbose=False, use_case=MLUsecase.CLUSTERING, kwargs={})
2025-04-28 21:26:07,795:INFO:Adding model into prep_pipe
2025-04-28 21:26:07,877:INFO:welcome_survey_clustering_pipeline_v2.pkl saved in current working directory
2025-04-28 21:26:07,985:INFO:Pipeline(memory=Memory(location=None),
         steps=[('numerical_imputer',
                 TransformerWrapper(include=[], transformer=SimpleImputer())),
                ('categorical_imputer',
                 TransformerWrapper(include=['age', 'edu_level', 'fav_animals',
                                             'fav_place', 'gender'],
                                    transformer=SimpleImputer(strategy='most_frequent'))),
                ('ordinal_encoding',
                 TransformerWrapper(include=['gender'],
                                    transfo...
                                                               mapping=[{'col': 'gender',
                                                                         'data_type': dtype('O'),
                                                                         'mapping': Kobieta      0
Mê¿czyzna    1
NaN         -1
dtype: int64}]))),
                ('onehot_encoding',
                 TransformerWrapper(include=['age', 'edu_level', 'fav_animals',
                                             'fav_place'],
                                    transformer=OneHotEncoder(cols=['age',
                                                                    'edu_level',
                                                                    'fav_animals',
                                                                    'fav_place'],
                                                              handle_missing='return_nan',
                                                              use_cat_names=True))),
                ('trained_model', KMeans(n_clusters=7, random_state=200))])
2025-04-28 21:26:07,985:INFO:save_model() successfully completed......................................
2025-04-28 21:26:14,573:INFO:Initializing load_model()
2025-04-28 21:26:14,574:INFO:load_model(model_name=welcome_survey_clustering_pipeline_v2, platform=None, authentication=None, verbose=True)
2025-04-28 21:26:26,331:INFO:Initializing predict_model()
2025-04-28 21:26:26,331:INFO:predict_model(self=<pycaret.clustering.oop.ClusteringExperiment object at 0x00000205F617A910>, estimator=Pipeline(memory=FastMemory(location=C:\Users\ANNASA~1\AppData\Local\Temp\joblib),
         steps=[('numerical_imputer',
                 TransformerWrapper(include=[], transformer=SimpleImputer())),
                ('categorical_imputer',
                 TransformerWrapper(include=['age', 'edu_level', 'fav_animals',
                                             'fav_place', 'gender'],
                                    transformer=SimpleImputer(strategy='most_frequent'))),
                ('ordinal_encoding',
                 Tr...
                                                               mapping=[{'col': 'gender',
                                                                         'data_type': dtype('O'),
                                                                         'mapping': Kobieta      0
Mê¿czyzna    1
NaN         -1
dtype: int64}]))),
                ('onehot_encoding',
                 TransformerWrapper(include=['age', 'edu_level', 'fav_animals',
                                             'fav_place'],
                                    transformer=OneHotEncoder(cols=['age',
                                                                    'edu_level',
                                                                    'fav_animals',
                                                                    'fav_place'],
                                                              handle_missing='return_nan',
                                                              use_cat_names=True))),
                ('trained_model', KMeans(n_clusters=7, random_state=200))]), ml_usecase=None)
2025-04-28 21:26:26,331:INFO:Set up data.
2025-04-28 21:27:04,724:WARNING:
'cuml' is a soft dependency and not included in the pycaret installation. Please run: `pip install cuml` to install.
2025-04-28 21:27:04,725:WARNING:
'cuml' is a soft dependency and not included in the pycaret installation. Please run: `pip install cuml` to install.
2025-04-28 21:27:04,725:WARNING:
'cuml' is a soft dependency and not included in the pycaret installation. Please run: `pip install cuml` to install.
2025-04-28 21:27:04,725:WARNING:
'cuml' is a soft dependency and not included in the pycaret installation. Please run: `pip install cuml` to install.
2025-04-28 21:27:29,978:INFO:Initializing load_model()
2025-04-28 21:27:29,978:INFO:load_model(model_name=welcome_survey_clustering_pipeline_v2, platform=None, authentication=None, verbose=True)
2025-04-28 21:27:36,065:INFO:Initializing predict_model()
2025-04-28 21:27:36,066:INFO:predict_model(self=<pycaret.clustering.oop.ClusteringExperiment object at 0x0000016010A8D510>, estimator=Pipeline(memory=Memory(location=None),
         steps=[('numerical_imputer',
                 TransformerWrapper(include=[], transformer=SimpleImputer())),
                ('categorical_imputer',
                 TransformerWrapper(include=['age', 'edu_level', 'fav_animals',
                                             'fav_place', 'gender'],
                                    transformer=SimpleImputer(strategy='most_frequent'))),
                ('ordinal_encoding',
                 TransformerWrapper(include=['gender'],
                                    transfo...
                                                               mapping=[{'col': 'gender',
                                                                         'data_type': dtype('O'),
                                                                         'mapping': Kobieta      0
MÄÅ¼czyzna    1
NaN         -1
dtype: int64}]))),
                ('onehot_encoding',
                 TransformerWrapper(include=['age', 'edu_level', 'fav_animals',
                                             'fav_place'],
                                    transformer=OneHotEncoder(cols=['age',
                                                                    'edu_level',
                                                                    'fav_animals',
                                                                    'fav_place'],
                                                              handle_missing='return_nan',
                                                              use_cat_names=True))),
                ('trained_model', KMeans(n_clusters=7, random_state=200))]), ml_usecase=None)
2025-04-28 21:27:36,066:INFO:Set up data.
